Removed Member From Class: ClassName=Diff_Amp_Shcematic Member=U2
Change Component Designator: OldDesignator=J2 NewDesignator=  
Added Component: Designator=R?(FP-CRCW0805-e3-IPC_A)
Add component (AddParameter): Name = "Case/Package"; Value = "0805"; VariantName = "[No Variations]"
Add component (AddParameter): Name = "Max Operating Temperature"; Value = "155°C"; VariantName = "[No Variations]"
Add component (AddParameter): Name = "Min Operating Temperature"; Value = "-55°C"; VariantName = "[No Variations]"
Add component (AddParameter): Name = "Mounting Technology"; Value = "Surface Mount"; VariantName = "[No Variations]"
Add component (AddParameter): Name = "Pins"; Value = "2"; VariantName = "[No Variations]"
Add component (AddParameter): Name = "Power"; Value = "125mW"; VariantName = "[No Variations]"
Add component (AddParameter): Name = "RoHS Compliant"; Value = "Yes"; VariantName = "[No Variations]"
Add component (AddParameter): Name = "Tolerance"; Value = "1%"; VariantName = "[No Variations]"
Add component (AddParameter): Name = "Value"; Value = "2.7k"; VariantName = "[No Variations]"
Add component (AddParameter): Name = "Voltage Rating"; Value = ""; VariantName = "[No Variations]"
Added Component: Designator=R?(FP-CRCW0805-e3-IPC_A)
Add component (AddParameter): Name = "Case/Package"; Value = "0805"; VariantName = "[No Variations]"
Add component (AddParameter): Name = "Max Operating Temperature"; Value = "155°C"; VariantName = "[No Variations]"
Add component (AddParameter): Name = "Min Operating Temperature"; Value = "-55°C"; VariantName = "[No Variations]"
Add component (AddParameter): Name = "Mounting Technology"; Value = "Surface Mount"; VariantName = "[No Variations]"
Add component (AddParameter): Name = "Pins"; Value = "2"; VariantName = "[No Variations]"
Add component (AddParameter): Name = "Power"; Value = "125mW"; VariantName = "[No Variations]"
Add component (AddParameter): Name = "RoHS Compliant"; Value = "Yes"; VariantName = "[No Variations]"
Add component (AddParameter): Name = "Tolerance"; Value = "1%"; VariantName = "[No Variations]"
Add component (AddParameter): Name = "Value"; Value = "2.7k"; VariantName = "[No Variations]"
Add component (AddParameter): Name = "Voltage Rating"; Value = ""; VariantName = "[No Variations]"
Added Component: Designator=U?(R_8_ADI)
Add component (AddParameter): Name = "Design Item ID"; Value = "SSM2212RZ"; VariantName = "[No Variations]"
Add component (AddParameter): Name = "Mfr_Name"; Value = "Analog Devices Inc"; VariantName = "[No Variations]"
Add component (AddParameter): Name = "RefDes"; Value = "RefDes"; VariantName = "[No Variations]"
Add component (AddParameter): Name = "Source"; Value = "SSM2212RZ.SchLib"; VariantName = "[No Variations]"
Add component (AddParameter): Name = "Type"; Value = "Type"; VariantName = "[No Variations]"
Added Component: Designator=U?(R_8_ADI)
Add component (AddParameter): Name = "Design Item ID"; Value = "SSM2212RZ"; VariantName = "[No Variations]"
Add component (AddParameter): Name = "Mfr_Name"; Value = "Analog Devices Inc"; VariantName = "[No Variations]"
Add component (AddParameter): Name = "RefDes"; Value = "RefDes"; VariantName = "[No Variations]"
Add component (AddParameter): Name = "Source"; Value = "SSM2212RZ.SchLib"; VariantName = "[No Variations]"
Add component (AddParameter): Name = "Type"; Value = "Type"; VariantName = "[No Variations]"
Added Component: Designator=U?(R_8_ADI)
Add component (AddParameter): Name = "Design Item ID"; Value = "SSM2212RZ"; VariantName = "[No Variations]"
Add component (AddParameter): Name = "Mfr_Name"; Value = "Analog Devices Inc"; VariantName = "[No Variations]"
Add component (AddParameter): Name = "RefDes"; Value = "RefDes"; VariantName = "[No Variations]"
Add component (AddParameter): Name = "Source"; Value = "SSM2212RZ.SchLib"; VariantName = "[No Variations]"
Add component (AddParameter): Name = "Type"; Value = "Type"; VariantName = "[No Variations]"
Added Pin To Net: NetName=GND Pin=U?-2
Added Pin To Net: NetName=GND Pin=U?-7
Added Net: Name=GND
Added Pin To Net: NetName=NetP1_3 Pin=P1-3
Added Pin To Net: NetName=NetP1_3 Pin=U?-2
Added Net: Name=NetP1_3
Added Pin To Net: NetName=NetP1_4 Pin=P1-4
Added Pin To Net: NetName=NetP1_4 Pin=U?-7
Added Net: Name=NetP1_4
Added Pin To Net: NetName=NetP1_5 Pin=P1-5
Added Pin To Net: NetName=NetP1_5 Pin=R1-2
Added Pin To Net: NetName=NetP1_5 Pin=U?-1
Added Net: Name=NetP1_5
Added Pin To Net: NetName=NetP1_6 Pin=P1-6
Added Pin To Net: NetName=NetP1_6 Pin=R2-2
Added Pin To Net: NetName=NetP1_6 Pin=U?-8
Added Net: Name=NetP1_6
Added Pin To Net: NetName=NetR1_1 Pin=R1-1
Added Pin To Net: NetName=NetR1_1 Pin=R?-2
Added Net: Name=NetR1_1
Added Pin To Net: NetName=NetR2_1 Pin=R2-1
Added Pin To Net: NetName=NetR2_1 Pin=R?-2
Added Net: Name=NetR2_1
Added Pin To Net: NetName=NetU?_1 Pin=U?-1
Added Pin To Net: NetName=NetU?_1 Pin=U?-3
Added Net: Name=NetU?_1
Added Pin To Net: NetName=NetU?_6 Pin=U?-6
Added Pin To Net: NetName=NetU?_6 Pin=U?-8
Added Net: Name=NetU?_6
Added Member To Class: ClassName=Diff_Amp_Shcematic Member=Component R? CRCW08052K70FKEA
Added Member To Class: ClassName=Diff_Amp_Shcematic Member=Component R? CRCW08052K70FKEA
Added Member To Class: ClassName=Diff_Amp_Shcematic Member=Component U? SSM2212RZ
Added Member To Class: ClassName=Diff_Amp_Shcematic Member=Component U? SSM2212RZ
Added Member To Class: ClassName=Diff_Amp_Shcematic Member=Component U? SSM2212RZ
